<component name="libraryTable">
  <library name="junit-jupiter-params-5.6.1">
    <CLASSES>
      <root url="jar://$USER_HOME$/Downloads/junit-jupiter-params-5.6.1.jar!/" />
    </CLASSES>
    <JAVADOC />
    <SOURCES />
  </library>
</component>